This is pdfTeX, Version 3.1415926-2.5-1.40.14 (TeX Live 2013/Debian) (format=pdflatex 2014.10.17)  19 APR 2016 21:12
entering extended mode
 restricted \write18 enabled.
 %&-line parsing enabled.
**zusammenfassung.tex
(./zusammenfassung.tex
LaTeX2e <2011/06/27>
Babel <3.9h> and hyphenation patterns for 9 languages loaded.
(/usr/share/texlive/texmf-dist/tex/latex/base/article.cls
Document Class: article 2007/10/19 v1.4h Standard LaTeX document class
(/usr/share/texlive/texmf-dist/tex/latex/base/size10.clo
File: size10.clo 2007/10/19 v1.4h Standard LaTeX file (size option)
)
\c@part=\count79
\c@section=\count80
\c@subsection=\count81
\c@subsubsection=\count82
\c@paragraph=\count83
\c@subparagraph=\count84
\c@figure=\count85
\c@table=\count86
\abovecaptionskip=\skip41
\belowcaptionskip=\skip42
\bibindent=\dimen102
)
(/usr/share/texlive/texmf-dist/tex/latex/geometry/geometry.sty
Package: geometry 2010/09/12 v5.6 Page Geometry

(/usr/share/texlive/texmf-dist/tex/latex/graphics/keyval.sty
Package: keyval 1999/03/16 v1.13 key=value parser (DPC)
\KV@toks@=\toks14
)
(/usr/share/texlive/texmf-dist/tex/generic/oberdiek/ifpdf.sty
Package: ifpdf 2011/01/30 v2.3 Provides the ifpdf switch (HO)
Package ifpdf Info: pdfTeX in PDF mode is detected.
)
(/usr/share/texlive/texmf-dist/tex/generic/oberdiek/ifvtex.sty
Package: ifvtex 2010/03/01 v1.5 Detect VTeX and its facilities (HO)
Package ifvtex Info: VTeX not detected.
)
(/usr/share/texlive/texmf-dist/tex/generic/ifxetex/ifxetex.sty
Package: ifxetex 2010/09/12 v0.6 Provides ifxetex conditional
)
\Gm@cnth=\count87
\Gm@cntv=\count88
\c@Gm@tempcnt=\count89
\Gm@bindingoffset=\dimen103
\Gm@wd@mp=\dimen104
\Gm@odd@mp=\dimen105
\Gm@even@mp=\dimen106
\Gm@layoutwidth=\dimen107
\Gm@layoutheight=\dimen108
\Gm@layouthoffset=\dimen109
\Gm@layoutvoffset=\dimen110
\Gm@dimlist=\toks15
)
(/usr/share/texlive/texmf-dist/tex/latex/base/inputenc.sty
Package: inputenc 2008/03/30 v1.1d Input encoding file
\inpenc@prehook=\toks16
\inpenc@posthook=\toks17

(/usr/share/texlive/texmf-dist/tex/latex/base/utf8.def
File: utf8.def 2008/04/05 v1.1m UTF-8 support for inputenc
Now handling font encoding OML ...
... no UTF-8 mapping file for font encoding OML
Now handling font encoding T1 ...
... processing UTF-8 mapping file for font encoding T1

(/usr/share/texlive/texmf-dist/tex/latex/base/t1enc.dfu
File: t1enc.dfu 2008/04/05 v1.1m UTF-8 support for inputenc
   defining Unicode char U+00A1 (decimal 161)
   defining Unicode char U+00A3 (decimal 163)
   defining Unicode char U+00AB (decimal 171)
   defining Unicode char U+00BB (decimal 187)
   defining Unicode char U+00BF (decimal 191)
   defining Unicode char U+00C0 (decimal 192)
   defining Unicode char U+00C1 (decimal 193)
   defining Unicode char U+00C2 (decimal 194)
   defining Unicode char U+00C3 (decimal 195)
   defining Unicode char U+00C4 (decimal 196)
   defining Unicode char U+00C5 (decimal 197)
   defining Unicode char U+00C6 (decimal 198)
   defining Unicode char U+00C7 (decimal 199)
   defining Unicode char U+00C8 (decimal 200)
   defining Unicode char U+00C9 (decimal 201)
   defining Unicode char U+00CA (decimal 202)
   defining Unicode char U+00CB (decimal 203)
   defining Unicode char U+00CC (decimal 204)
   defining Unicode char U+00CD (decimal 205)
   defining Unicode char U+00CE (decimal 206)
   defining Unicode char U+00CF (decimal 207)
   defining Unicode char U+00D0 (decimal 208)
   defining Unicode char U+00D1 (decimal 209)
   defining Unicode char U+00D2 (decimal 210)
   defining Unicode char U+00D3 (decimal 211)
   defining Unicode char U+00D4 (decimal 212)
   defining Unicode char U+00D5 (decimal 213)
   defining Unicode char U+00D6 (decimal 214)
   defining Unicode char U+00D8 (decimal 216)
   defining Unicode char U+00D9 (decimal 217)
   defining Unicode char U+00DA (decimal 218)
   defining Unicode char U+00DB (decimal 219)
   defining Unicode char U+00DC (decimal 220)
   defining Unicode char U+00DD (decimal 221)
   defining Unicode char U+00DE (decimal 222)
   defining Unicode char U+00DF (decimal 223)
   defining Unicode char U+00E0 (decimal 224)
   defining Unicode char U+00E1 (decimal 225)
   defining Unicode char U+00E2 (decimal 226)
   defining Unicode char U+00E3 (decimal 227)
   defining Unicode char U+00E4 (decimal 228)
   defining Unicode char U+00E5 (decimal 229)
   defining Unicode char U+00E6 (decimal 230)
   defining Unicode char U+00E7 (decimal 231)
   defining Unicode char U+00E8 (decimal 232)
   defining Unicode char U+00E9 (decimal 233)
   defining Unicode char U+00EA (decimal 234)
   defining Unicode char U+00EB (decimal 235)
   defining Unicode char U+00EC (decimal 236)
   defining Unicode char U+00ED (decimal 237)
   defining Unicode char U+00EE (decimal 238)
   defining Unicode char U+00EF (decimal 239)
   defining Unicode char U+00F0 (decimal 240)
   defining Unicode char U+00F1 (decimal 241)
   defining Unicode char U+00F2 (decimal 242)
   defining Unicode char U+00F3 (decimal 243)
   defining Unicode char U+00F4 (decimal 244)
   defining Unicode char U+00F5 (decimal 245)
   defining Unicode char U+00F6 (decimal 246)
   defining Unicode char U+00F8 (decimal 248)
   defining Unicode char U+00F9 (decimal 249)
   defining Unicode char U+00FA (decimal 250)
   defining Unicode char U+00FB (decimal 251)
   defining Unicode char U+00FC (decimal 252)
   defining Unicode char U+00FD (decimal 253)
   defining Unicode char U+00FE (decimal 254)
   defining Unicode char U+00FF (decimal 255)
   defining Unicode char U+0102 (decimal 258)
   defining Unicode char U+0103 (decimal 259)
   defining Unicode char U+0104 (decimal 260)
   defining Unicode char U+0105 (decimal 261)
   defining Unicode char U+0106 (decimal 262)
   defining Unicode char U+0107 (decimal 263)
   defining Unicode char U+010C (decimal 268)
   defining Unicode char U+010D (decimal 269)
   defining Unicode char U+010E (decimal 270)
   defining Unicode char U+010F (decimal 271)
   defining Unicode char U+0110 (decimal 272)
   defining Unicode char U+0111 (decimal 273)
   defining Unicode char U+0118 (decimal 280)
   defining Unicode char U+0119 (decimal 281)
   defining Unicode char U+011A (decimal 282)
   defining Unicode char U+011B (decimal 283)
   defining Unicode char U+011E (decimal 286)
   defining Unicode char U+011F (decimal 287)
   defining Unicode char U+0130 (decimal 304)
   defining Unicode char U+0131 (decimal 305)
   defining Unicode char U+0132 (decimal 306)
   defining Unicode char U+0133 (decimal 307)
   defining Unicode char U+0139 (decimal 313)
   defining Unicode char U+013A (decimal 314)
   defining Unicode char U+013D (decimal 317)
   defining Unicode char U+013E (decimal 318)
   defining Unicode char U+0141 (decimal 321)
   defining Unicode char U+0142 (decimal 322)
   defining Unicode char U+0143 (decimal 323)
   defining Unicode char U+0144 (decimal 324)
   defining Unicode char U+0147 (decimal 327)
   defining Unicode char U+0148 (decimal 328)
   defining Unicode char U+014A (decimal 330)
   defining Unicode char U+014B (decimal 331)
   defining Unicode char U+0150 (decimal 336)
   defining Unicode char U+0151 (decimal 337)
   defining Unicode char U+0152 (decimal 338)
   defining Unicode char U+0153 (decimal 339)
   defining Unicode char U+0154 (decimal 340)
   defining Unicode char U+0155 (decimal 341)
   defining Unicode char U+0158 (decimal 344)
   defining Unicode char U+0159 (decimal 345)
   defining Unicode char U+015A (decimal 346)
   defining Unicode char U+015B (decimal 347)
   defining Unicode char U+015E (decimal 350)
   defining Unicode char U+015F (decimal 351)
   defining Unicode char U+0160 (decimal 352)
   defining Unicode char U+0161 (decimal 353)
   defining Unicode char U+0162 (decimal 354)
   defining Unicode char U+0163 (decimal 355)
   defining Unicode char U+0164 (decimal 356)
   defining Unicode char U+0165 (decimal 357)
   defining Unicode char U+016E (decimal 366)
   defining Unicode char U+016F (decimal 367)
   defining Unicode char U+0170 (decimal 368)
   defining Unicode char U+0171 (decimal 369)
   defining Unicode char U+0178 (decimal 376)
   defining Unicode char U+0179 (decimal 377)
   defining Unicode char U+017A (decimal 378)
   defining Unicode char U+017B (decimal 379)
   defining Unicode char U+017C (decimal 380)
   defining Unicode char U+017D (decimal 381)
   defining Unicode char U+017E (decimal 382)
   defining Unicode char U+200C (decimal 8204)
   defining Unicode char U+2013 (decimal 8211)
   defining Unicode char U+2014 (decimal 8212)
   defining Unicode char U+2018 (decimal 8216)
   defining Unicode char U+2019 (decimal 8217)
   defining Unicode char U+201A (decimal 8218)
   defining Unicode char U+201C (decimal 8220)
   defining Unicode char U+201D (decimal 8221)
   defining Unicode char U+201E (decimal 8222)
   defining Unicode char U+2030 (decimal 8240)
   defining Unicode char U+2031 (decimal 8241)
   defining Unicode char U+2039 (decimal 8249)
   defining Unicode char U+203A (decimal 8250)
   defining Unicode char U+2423 (decimal 9251)
)
Now handling font encoding OT1 ...
... processing UTF-8 mapping file for font encoding OT1

(/usr/share/texlive/texmf-dist/tex/latex/base/ot1enc.dfu
File: ot1enc.dfu 2008/04/05 v1.1m UTF-8 support for inputenc
   defining Unicode char U+00A1 (decimal 161)
   defining Unicode char U+00A3 (decimal 163)
   defining Unicode char U+00B8 (decimal 184)
   defining Unicode char U+00BF (decimal 191)
   defining Unicode char U+00C5 (decimal 197)
   defining Unicode char U+00C6 (decimal 198)
   defining Unicode char U+00D8 (decimal 216)
   defining Unicode char U+00DF (decimal 223)
   defining Unicode char U+00E6 (decimal 230)
   defining Unicode char U+00EC (decimal 236)
   defining Unicode char U+00ED (decimal 237)
   defining Unicode char U+00EE (decimal 238)
   defining Unicode char U+00EF (decimal 239)
   defining Unicode char U+00F8 (decimal 248)
   defining Unicode char U+0131 (decimal 305)
   defining Unicode char U+0141 (decimal 321)
   defining Unicode char U+0142 (decimal 322)
   defining Unicode char U+0152 (decimal 338)
   defining Unicode char U+0153 (decimal 339)
   defining Unicode char U+2013 (decimal 8211)
   defining Unicode char U+2014 (decimal 8212)
   defining Unicode char U+2018 (decimal 8216)
   defining Unicode char U+2019 (decimal 8217)
   defining Unicode char U+201C (decimal 8220)
   defining Unicode char U+201D (decimal 8221)
)
Now handling font encoding OMS ...
... processing UTF-8 mapping file for font encoding OMS

(/usr/share/texlive/texmf-dist/tex/latex/base/omsenc.dfu
File: omsenc.dfu 2008/04/05 v1.1m UTF-8 support for inputenc
   defining Unicode char U+00A7 (decimal 167)
   defining Unicode char U+00B6 (decimal 182)
   defining Unicode char U+00B7 (decimal 183)
   defining Unicode char U+2020 (decimal 8224)
   defining Unicode char U+2021 (decimal 8225)
   defining Unicode char U+2022 (decimal 8226)
)
Now handling font encoding OMX ...
... no UTF-8 mapping file for font encoding OMX
Now handling font encoding U ...
... no UTF-8 mapping file for font encoding U
   defining Unicode char U+00A9 (decimal 169)
   defining Unicode char U+00AA (decimal 170)
   defining Unicode char U+00AE (decimal 174)
   defining Unicode char U+00BA (decimal 186)
   defining Unicode char U+02C6 (decimal 710)
   defining Unicode char U+02DC (decimal 732)
   defining Unicode char U+200C (decimal 8204)
   defining Unicode char U+2026 (decimal 8230)
   defining Unicode char U+2122 (decimal 8482)
   defining Unicode char U+2423 (decimal 9251)
))
(/usr/share/texlive/texmf-dist/tex/generic/babel/babel.sty
Package: babel 2013/12/03 3.9h The Babel package

(/usr/share/texlive/texmf-dist/tex/generic/babel-german/ngermanb.ldf
Language: ngermanb 2013/12/13 v2.7 German support for babel (new orthography)

(/usr/share/texlive/texmf-dist/tex/generic/babel/babel.def
File: babel.def 2013/12/03 3.9h Babel common definitions
\babel@savecnt=\count90
\U@D=\dimen111
)
\l@naustrian = a dialect from \language\l@ngerman 
\l@nswissgerman = a dialect from \language\l@ngerman 
Package babel Info: Making " an active character on input line 88.
))
(/usr/share/texlive/texmf-dist/tex/latex/amsmath/amsmath.sty
Package: amsmath 2013/01/14 v2.14 AMS math features
\@mathmargin=\skip43

For additional information on amsmath, use the `?' option.
(/usr/share/texlive/texmf-dist/tex/latex/amsmath/amstext.sty
Package: amstext 2000/06/29 v2.01

(/usr/share/texlive/texmf-dist/tex/latex/amsmath/amsgen.sty
File: amsgen.sty 1999/11/30 v2.0
\@emptytoks=\toks18
\ex@=\dimen112
))
(/usr/share/texlive/texmf-dist/tex/latex/amsmath/amsbsy.sty
Package: amsbsy 1999/11/29 v1.2d
\pmbraise@=\dimen113
)
(/usr/share/texlive/texmf-dist/tex/latex/amsmath/amsopn.sty
Package: amsopn 1999/12/14 v2.01 operator names
)
\inf@bad=\count91
LaTeX Info: Redefining \frac on input line 210.
\uproot@=\count92
\leftroot@=\count93
LaTeX Info: Redefining \overline on input line 306.
\classnum@=\count94
\DOTSCASE@=\count95
LaTeX Info: Redefining \ldots on input line 378.
LaTeX Info: Redefining \dots on input line 381.
LaTeX Info: Redefining \cdots on input line 466.
\Mathstrutbox@=\box26
\strutbox@=\box27
\big@size=\dimen114
LaTeX Font Info:    Redeclaring font encoding OML on input line 566.
LaTeX Font Info:    Redeclaring font encoding OMS on input line 567.
\macc@depth=\count96
\c@MaxMatrixCols=\count97
\dotsspace@=\muskip10
\c@parentequation=\count98
\dspbrk@lvl=\count99
\tag@help=\toks19
\row@=\count100
\column@=\count101
\maxfields@=\count102
\andhelp@=\toks20
\eqnshift@=\dimen115
\alignsep@=\dimen116
\tagshift@=\dimen117
\tagwidth@=\dimen118
\totwidth@=\dimen119
\lineht@=\dimen120
\@envbody=\toks21
\multlinegap=\skip44
\multlinetaggap=\skip45
\mathdisplay@stack=\toks22
LaTeX Info: Redefining \[ on input line 2665.
LaTeX Info: Redefining \] on input line 2666.
)
(/usr/share/texlive/texmf-dist/tex/latex/setspace/setspace.sty
Package: setspace 2011/12/19 v6.7a set line spacing
)
(/usr/share/texlive/texmf-dist/tex/latex/paralist/paralist.sty
Package: paralist 2013/06/09 v2.4 Extended list environments
\pltopsep=\skip46
\plpartopsep=\skip47
\plitemsep=\skip48
\plparsep=\skip49
\pl@lab=\toks23
)
(/usr/share/texlive/texmf-dist/tex/latex/graphics/graphicx.sty
Package: graphicx 1999/02/16 v1.0f Enhanced LaTeX Graphics (DPC,SPQR)

(/usr/share/texlive/texmf-dist/tex/latex/graphics/graphics.sty
Package: graphics 2009/02/05 v1.0o Standard LaTeX Graphics (DPC,SPQR)

(/usr/share/texlive/texmf-dist/tex/latex/graphics/trig.sty
Package: trig 1999/03/16 v1.09 sin cos tan (DPC)
)
(/usr/share/texlive/texmf-dist/tex/latex/latexconfig/graphics.cfg
File: graphics.cfg 2010/04/23 v1.9 graphics configuration of TeX Live
)
Package graphics Info: Driver file: pdftex.def on input line 91.

(/usr/share/texlive/texmf-dist/tex/latex/pdftex-def/pdftex.def
File: pdftex.def 2011/05/27 v0.06d Graphics/color for pdfTeX

(/usr/share/texlive/texmf-dist/tex/generic/oberdiek/infwarerr.sty
Package: infwarerr 2010/04/08 v1.3 Providing info/warning/error messages (HO)
)
(/usr/share/texlive/texmf-dist/tex/generic/oberdiek/ltxcmds.sty
Package: ltxcmds 2011/11/09 v1.22 LaTeX kernel commands for general use (HO)
)
\Gread@gobject=\count103
))
\Gin@req@height=\dimen121
\Gin@req@width=\dimen122
)
(/usr/share/texlive/texmf-dist/tex/latex/oberdiek/epstopdf.sty
Package: epstopdf 2010/02/09 v2.5 Conversion with epstopdf on the fly (HO)

(/usr/share/texlive/texmf-dist/tex/latex/oberdiek/epstopdf-base.sty
Package: epstopdf-base 2010/02/09 v2.5 Base part for package epstopdf

(/usr/share/texlive/texmf-dist/tex/latex/oberdiek/grfext.sty
Package: grfext 2010/08/19 v1.1 Manage graphics extensions (HO)

(/usr/share/texlive/texmf-dist/tex/generic/oberdiek/kvdefinekeys.sty
Package: kvdefinekeys 2011/04/07 v1.3 Define keys (HO)
))
(/usr/share/texlive/texmf-dist/tex/latex/oberdiek/kvoptions.sty
Package: kvoptions 2011/06/30 v3.11 Key value format for package options (HO)

(/usr/share/texlive/texmf-dist/tex/generic/oberdiek/kvsetkeys.sty
Package: kvsetkeys 2012/04/25 v1.16 Key value parser (HO)

(/usr/share/texlive/texmf-dist/tex/generic/oberdiek/etexcmds.sty
Package: etexcmds 2011/02/16 v1.5 Avoid name clashes with e-TeX commands (HO)

(/usr/share/texlive/texmf-dist/tex/generic/oberdiek/ifluatex.sty
Package: ifluatex 2010/03/01 v1.3 Provides the ifluatex switch (HO)
Package ifluatex Info: LuaTeX not detected.
)
Package etexcmds Info: Could not find \expanded.
(etexcmds)             That can mean that you are not using pdfTeX 1.50 or
(etexcmds)             that some package has redefined \expanded.
(etexcmds)             In the latter case, load this package earlier.
)))
(/usr/share/texlive/texmf-dist/tex/generic/oberdiek/pdftexcmds.sty
Package: pdftexcmds 2011/11/29 v0.20 Utility functions of pdfTeX for LuaTeX (HO
)
Package pdftexcmds Info: LuaTeX not detected.
Package pdftexcmds Info: \pdf@primitive is available.
Package pdftexcmds Info: \pdf@ifprimitive is available.
Package pdftexcmds Info: \pdfdraftmode found.
)
Package grfext Info: Graphics extension search list:
(grfext)             [.png,.pdf,.jpg,.mps,.jpeg,.jbig2,.jb2,.PNG,.PDF,.JPG,.JPE
G,.JBIG2,.JB2,.eps]
(grfext)             \AppendGraphicsExtensions on input line 452.

(/usr/share/texlive/texmf-dist/tex/latex/latexconfig/epstopdf-sys.cfg
File: epstopdf-sys.cfg 2010/07/13 v1.3 Configuration of (r)epstopdf for TeX Liv
e
)))
(/usr/share/texlive/texmf-dist/tex/latex/hyperref/hyperref.sty
Package: hyperref 2012/11/06 v6.83m Hypertext links for LaTeX

(/usr/share/texlive/texmf-dist/tex/generic/oberdiek/hobsub-hyperref.sty
Package: hobsub-hyperref 2012/05/28 v1.13 Bundle oberdiek, subset hyperref (HO)


(/usr/share/texlive/texmf-dist/tex/generic/oberdiek/hobsub-generic.sty
Package: hobsub-generic 2012/05/28 v1.13 Bundle oberdiek, subset generic (HO)
Package: hobsub 2012/05/28 v1.13 Construct package bundles (HO)
Package hobsub Info: Skipping package `infwarerr' (already loaded).
Package hobsub Info: Skipping package `ltxcmds' (already loaded).
Package hobsub Info: Skipping package `ifluatex' (already loaded).
Package hobsub Info: Skipping package `ifvtex' (already loaded).
Package: intcalc 2007/09/27 v1.1 Expandable calculations with integers (HO)
Package hobsub Info: Skipping package `ifpdf' (already loaded).
Package hobsub Info: Skipping package `etexcmds' (already loaded).
Package hobsub Info: Skipping package `kvsetkeys' (already loaded).
Package hobsub Info: Skipping package `kvdefinekeys' (already loaded).
Package hobsub Info: Skipping package `pdftexcmds' (already loaded).
Package: pdfescape 2011/11/25 v1.13 Implements pdfTeX's escape features (HO)
Package: bigintcalc 2012/04/08 v1.3 Expandable calculations on big integers (HO
)
Package: bitset 2011/01/30 v1.1 Handle bit-vector datatype (HO)
Package: uniquecounter 2011/01/30 v1.2 Provide unlimited unique counter (HO)
)
Package hobsub Info: Skipping package `hobsub' (already loaded).
Package: letltxmacro 2010/09/02 v1.4 Let assignment for LaTeX macros (HO)
Package: hopatch 2012/05/28 v1.2 Wrapper for package hooks (HO)
Package: xcolor-patch 2011/01/30 xcolor patch
Package: atveryend 2011/06/30 v1.8 Hooks at the very end of document (HO)
Package atveryend Info: \enddocument detected (standard20110627).
Package: atbegshi 2011/10/05 v1.16 At begin shipout hook (HO)
Package: refcount 2011/10/16 v3.4 Data extraction from label references (HO)
Package: hycolor 2011/01/30 v1.7 Color options for hyperref/bookmark (HO)
)
(/usr/share/texlive/texmf-dist/tex/latex/oberdiek/auxhook.sty
Package: auxhook 2011/03/04 v1.3 Hooks for auxiliary files (HO)
)
\@linkdim=\dimen123
\Hy@linkcounter=\count104
\Hy@pagecounter=\count105

(/usr/share/texlive/texmf-dist/tex/latex/hyperref/pd1enc.def
File: pd1enc.def 2012/11/06 v6.83m Hyperref: PDFDocEncoding definition (HO)
Now handling font encoding PD1 ...
... no UTF-8 mapping file for font encoding PD1
)
\Hy@SavedSpaceFactor=\count106

(/usr/share/texlive/texmf-dist/tex/latex/latexconfig/hyperref.cfg
File: hyperref.cfg 2002/06/06 v1.2 hyperref configuration of TeXLive
)
Package hyperref Info: Hyper figures OFF on input line 4443.
Package hyperref Info: Link nesting OFF on input line 4448.
Package hyperref Info: Hyper index ON on input line 4451.
Package hyperref Info: Plain pages OFF on input line 4458.
Package hyperref Info: Backreferencing OFF on input line 4463.
Package hyperref Info: Implicit mode ON; LaTeX internals redefined.
Package hyperref Info: Bookmarks ON on input line 4688.
\c@Hy@tempcnt=\count107

(/usr/share/texlive/texmf-dist/tex/latex/url/url.sty
\Urlmuskip=\muskip11
Package: url 2013/09/16  ver 3.4  Verb mode for urls, etc.
)
LaTeX Info: Redefining \url on input line 5041.
\XeTeXLinkMargin=\dimen124
\Fld@menulength=\count108
\Field@Width=\dimen125
\Fld@charsize=\dimen126
Package hyperref Info: Hyper figures OFF on input line 6295.
Package hyperref Info: Link nesting OFF on input line 6300.
Package hyperref Info: Hyper index ON on input line 6303.
Package hyperref Info: backreferencing OFF on input line 6310.
Package hyperref Info: Link coloring OFF on input line 6315.
Package hyperref Info: Link coloring with OCG OFF on input line 6320.
Package hyperref Info: PDF/A mode OFF on input line 6325.
LaTeX Info: Redefining \ref on input line 6365.
LaTeX Info: Redefining \pageref on input line 6369.
\Hy@abspage=\count109
\c@Item=\count110
\c@Hfootnote=\count111
)

Package hyperref Message: Driver (autodetected): hpdftex.

(/usr/share/texlive/texmf-dist/tex/latex/hyperref/hpdftex.def
File: hpdftex.def 2012/11/06 v6.83m Hyperref driver for pdfTeX
\Fld@listcount=\count112
\c@bookmark@seq@number=\count113

(/usr/share/texlive/texmf-dist/tex/latex/oberdiek/rerunfilecheck.sty
Package: rerunfilecheck 2011/04/15 v1.7 Rerun checks for auxiliary files (HO)
Package uniquecounter Info: New unique counter `rerunfilecheck' on input line 2
82.
)
\Hy@SectionHShift=\skip50
)
(/usr/share/texlive/texmf-dist/tex/latex/caption/caption.sty
Package: caption 2013/05/02 v3.3-89 Customizing captions (AR)

(/usr/share/texlive/texmf-dist/tex/latex/caption/caption3.sty
Package: caption3 2013/05/02 v1.6-88 caption3 kernel (AR)
Package caption3 Info: TeX engine: e-TeX on input line 57.
\captionmargin=\dimen127
\captionmargin@=\dimen128
\captionwidth=\dimen129
\caption@tempdima=\dimen130
\caption@indent=\dimen131
\caption@parindent=\dimen132
\caption@hangindent=\dimen133
)
\c@ContinuedFloat=\count114
Package caption Info: hyperref package is loaded.
)
(/usr/share/texlive/texmf-dist/tex/latex/caption/subcaption.sty
Package: subcaption 2013/02/03 v1.1-62 Sub-captions (AR)
\c@subfigure=\count115
\c@subtable=\count116
)
(/usr/share/texlive/texmf-dist/tex/latex/amsfonts/amssymb.sty
Package: amssymb 2013/01/14 v3.01 AMS font symbols

(/usr/share/texlive/texmf-dist/tex/latex/amsfonts/amsfonts.sty
Package: amsfonts 2013/01/14 v3.01 Basic AMSFonts support
\symAMSa=\mathgroup4
\symAMSb=\mathgroup5
LaTeX Font Info:    Overwriting math alphabet `\mathfrak' in version `bold'
(Font)                  U/euf/m/n --> U/euf/b/n on input line 106.
))
(/usr/share/texlive/texmf-dist/tex/latex/pbox/pbox.sty
Package: pbox 2011/12/07 v1.2 Dynamic parboxes

(/usr/share/texlive/texmf-dist/tex/latex/tools/calc.sty
Package: calc 2007/08/22 v4.3 Infix arithmetic (KKT,FJ)
\calc@Acount=\count117
\calc@Bcount=\count118
\calc@Adimen=\dimen134
\calc@Bdimen=\dimen135
\calc@Askip=\skip51
\calc@Bskip=\skip52
LaTeX Info: Redefining \setlength on input line 76.
LaTeX Info: Redefining \addtolength on input line 77.
\calc@Ccount=\count119
\calc@Cskip=\skip53
)
(/usr/share/texlive/texmf-dist/tex/latex/base/ifthen.sty
Package: ifthen 2001/05/26 v1.1c Standard LaTeX ifthen package (DPC)
)
\pb@xlen=\skip54
)
(/usr/share/texlive/texmf-dist/tex/latex/titlesec/titlesec.sty
Package: titlesec 2011/12/15 v2.10.0 Sectioning titles
\ttl@box=\box28
\beforetitleunit=\skip55
\aftertitleunit=\skip56
\ttl@plus=\dimen136
\ttl@minus=\dimen137
\ttl@toksa=\toks24
\titlewidth=\dimen138
\titlewidthlast=\dimen139
\titlewidthfirst=\dimen140
)
(./zusammenfassung.aux)
\openout1 = `zusammenfassung.aux'.

LaTeX Font Info:    Checking defaults for OML/cmm/m/it on input line 38.
LaTeX Font Info:    ... okay on input line 38.
LaTeX Font Info:    Checking defaults for T1/cmr/m/n on input line 38.
LaTeX Font Info:    ... okay on input line 38.
LaTeX Font Info:    Checking defaults for OT1/cmr/m/n on input line 38.
LaTeX Font Info:    ... okay on input line 38.
LaTeX Font Info:    Checking defaults for OMS/cmsy/m/n on input line 38.
LaTeX Font Info:    ... okay on input line 38.
LaTeX Font Info:    Checking defaults for OMX/cmex/m/n on input line 38.
LaTeX Font Info:    ... okay on input line 38.
LaTeX Font Info:    Checking defaults for U/cmr/m/n on input line 38.
LaTeX Font Info:    ... okay on input line 38.
LaTeX Font Info:    Checking defaults for PD1/pdf/m/n on input line 38.
LaTeX Font Info:    ... okay on input line 38.

*geometry* driver: auto-detecting
*geometry* detected driver: pdftex
*geometry* verbose mode - [ preamble ] result:
* driver: pdftex
* paper: a4paper
* layout: <same size as paper>
* layoutoffset:(h,v)=(0.0pt,0.0pt)
* modes: 
* h-part:(L,W,R)=(56.9055pt, 483.69687pt, 56.9055pt)
* v-part:(T,H,B)=(56.9055pt, 717.00946pt, 71.13188pt)
* \paperwidth=597.50787pt
* \paperheight=845.04684pt
* \textwidth=483.69687pt
* \textheight=717.00946pt
* \oddsidemargin=-15.36449pt
* \evensidemargin=-15.36449pt
* \topmargin=-52.36449pt
* \headheight=12.0pt
* \headsep=25.0pt
* \topskip=10.0pt
* \footskip=30.0pt
* \marginparwidth=65.0pt
* \marginparsep=11.0pt
* \columnsep=10.0pt
* \skip\footins=9.0pt plus 4.0pt minus 2.0pt
* \hoffset=0.0pt
* \voffset=0.0pt
* \mag=1000
* \@twocolumnfalse
* \@twosidefalse
* \@mparswitchfalse
* \@reversemarginfalse
* (1in=72.27pt=25.4mm, 1cm=28.453pt)

(/usr/share/texlive/texmf-dist/tex/context/base/supp-pdf.mkii
[Loading MPS to PDF converter (version 2006.09.02).]
\scratchcounter=\count120
\scratchdimen=\dimen141
\scratchbox=\box29
\nofMPsegments=\count121
\nofMParguments=\count122
\everyMPshowfont=\toks25
\MPscratchCnt=\count123
\MPscratchDim=\dimen142
\MPnumerator=\count124
\makeMPintoPDFobject=\count125
\everyMPtoPDFconversion=\toks26
)
\AtBeginShipoutBox=\box30
Package hyperref Info: Link coloring OFF on input line 38.
 (/usr/share/texlive/texmf-dist/tex/latex/hyperref/nameref.sty
Package: nameref 2012/10/27 v2.43 Cross-referencing by name of section

(/usr/share/texlive/texmf-dist/tex/generic/oberdiek/gettitlestring.sty
Package: gettitlestring 2010/12/03 v1.4 Cleanup title references (HO)
)
\c@section@level=\count126
)
LaTeX Info: Redefining \ref on input line 38.
LaTeX Info: Redefining \pageref on input line 38.
LaTeX Info: Redefining \nameref on input line 38.

(./zusammenfassung.out) (./zusammenfassung.out)
\@outlinefile=\write3
\openout3 = `zusammenfassung.out'.

Package caption Info: Begin \AtBeginDocument code.
Package caption Info: End \AtBeginDocument code.
Package babel Info: Redefining ngerman shorthand "|
(babel)             in language  on input line 71.
Package babel Info: Redefining ngerman shorthand "~
(babel)             in language  on input line 71.
Package babel Info: Redefining ngerman shorthand "|
(babel)             in language  on input line 71.
Package babel Info: Redefining ngerman shorthand "~
(babel)             in language  on input line 71.
 [1

{/var/lib/texmf/fonts/map/pdftex/updmap/pdftex.map}] (./zusammenfassung.toc
LaTeX Font Info:    Try loading font information for U+msa on input line 3.

(/usr/share/texlive/texmf-dist/tex/latex/amsfonts/umsa.fd
File: umsa.fd 2013/01/14 v3.01 AMS symbols A
)
LaTeX Font Info:    Try loading font information for U+msb on input line 3.

(/usr/share/texlive/texmf-dist/tex/latex/amsfonts/umsb.fd
File: umsb.fd 2013/01/14 v3.01 AMS symbols B
)
Package babel Info: Redefining ngerman shorthand "|
(babel)             in language  on input line 65.
Package babel Info: Redefining ngerman shorthand "~
(babel)             in language  on input line 65.
Package babel Info: Redefining ngerman shorthand "|
(babel)             in language  on input line 65.
Package babel Info: Redefining ngerman shorthand "~
(babel)             in language  on input line 65.
 [2]
Package babel Info: Redefining ngerman shorthand "|
(babel)             in language  on input line 109.
Package babel Info: Redefining ngerman shorthand "~
(babel)             in language  on input line 109.
Package babel Info: Redefining ngerman shorthand "|
(babel)             in language  on input line 109.
Package babel Info: Redefining ngerman shorthand "~
(babel)             in language  on input line 109.
 [3])
\tf@toc=\write4
\openout4 = `zusammenfassung.toc'.

Package babel Info: Redefining ngerman shorthand "|
(babel)             in language  on input line 75.
Package babel Info: Redefining ngerman shorthand "~
(babel)             in language  on input line 75.
Package babel Info: Redefining ngerman shorthand "|
(babel)             in language  on input line 75.
Package babel Info: Redefining ngerman shorthand "~
(babel)             in language  on input line 75.
 [4]
Package babel Info: Redefining ngerman shorthand "|
(babel)             in language  on input line 81.
Package babel Info: Redefining ngerman shorthand "~
(babel)             in language  on input line 81.
Package babel Info: Redefining ngerman shorthand "|
(babel)             in language  on input line 83.
Package babel Info: Redefining ngerman shorthand "~
(babel)             in language  on input line 83.
Package babel Info: Redefining ngerman shorthand "|
(babel)             in language  on input line 89.
Package babel Info: Redefining ngerman shorthand "~
(babel)             in language  on input line 89.
Package babel Info: Redefining ngerman shorthand "|
(babel)             in language  on input line 101.
Package babel Info: Redefining ngerman shorthand "~
(babel)             in language  on input line 101.
LaTeX Font Info:    Try loading font information for OMS+cmr on input line 106.


(/usr/share/texlive/texmf-dist/tex/latex/base/omscmr.fd
File: omscmr.fd 1999/05/25 v2.5h Standard LaTeX font definitions
)
LaTeX Font Info:    Font shape `OMS/cmr/m/n' in size <10> not available
(Font)              Font shape `OMS/cmsy/m/n' tried instead on input line 106.
Package babel Info: Redefining ngerman shorthand "|
(babel)             in language  on input line 115.
Package babel Info: Redefining ngerman shorthand "~
(babel)             in language  on input line 115.
Package babel Info: Redefining ngerman shorthand "|
(babel)             in language  on input line 138.
Package babel Info: Redefining ngerman shorthand "~
(babel)             in language  on input line 138.
Package babel Info: Redefining ngerman shorthand "|
(babel)             in language  on input line 138.
Package babel Info: Redefining ngerman shorthand "~
(babel)             in language  on input line 138.
 [5]
Package babel Info: Redefining ngerman shorthand "|
(babel)             in language  on input line 140.
Package babel Info: Redefining ngerman shorthand "~
(babel)             in language  on input line 140.
Package babel Info: Redefining ngerman shorthand "|
(babel)             in language  on input line 182.
Package babel Info: Redefining ngerman shorthand "~
(babel)             in language  on input line 182.
Package babel Info: Redefining ngerman shorthand "|
(babel)             in language  on input line 182.
Package babel Info: Redefining ngerman shorthand "~
(babel)             in language  on input line 182.
 [6]
Package babel Info: Redefining ngerman shorthand "|
(babel)             in language  on input line 208.
Package babel Info: Redefining ngerman shorthand "~
(babel)             in language  on input line 208.
Package babel Info: Redefining ngerman shorthand "|
(babel)             in language  on input line 236.
Package babel Info: Redefining ngerman shorthand "~
(babel)             in language  on input line 236.
Package babel Info: Redefining ngerman shorthand "|
(babel)             in language  on input line 236.
Package babel Info: Redefining ngerman shorthand "~
(babel)             in language  on input line 236.
 [7]
Package babel Info: Redefining ngerman shorthand "|
(babel)             in language  on input line 265.
Package babel Info: Redefining ngerman shorthand "~
(babel)             in language  on input line 265.

Overfull \hbox (6.79999pt too wide) in paragraph at lines 274--275
[] 
 []

Package babel Info: Redefining ngerman shorthand "|
(babel)             in language  on input line 280.
Package babel Info: Redefining ngerman shorthand "~
(babel)             in language  on input line 280.
Package babel Info: Redefining ngerman shorthand "|
(babel)             in language  on input line 280.
Package babel Info: Redefining ngerman shorthand "~
(babel)             in language  on input line 280.
[8]
Package babel Info: Redefining ngerman shorthand "|
(babel)             in language  on input line 280.
Package babel Info: Redefining ngerman shorthand "~
(babel)             in language  on input line 280.
Package babel Info: Redefining ngerman shorthand "|
(babel)             in language  on input line 282.
Package babel Info: Redefining ngerman shorthand "~
(babel)             in language  on input line 282.
Package babel Info: Redefining ngerman shorthand "|
(babel)             in language  on input line 285.
Package babel Info: Redefining ngerman shorthand "~
(babel)             in language  on input line 285.
Package epstopdf Info: Source file: <images/lin-reg.eps>
(epstopdf)                    date: 2016-04-19 12:23:01
(epstopdf)                    size: 25547 bytes
(epstopdf)             Output file: <images/lin-reg-eps-converted-to.pdf>
(epstopdf)                    date: 2016-04-19 12:23:07
(epstopdf)                    size: 12497 bytes
(epstopdf)             Command: <repstopdf --outfile=images/lin-reg-eps-convert
ed-to.pdf images/lin-reg.eps>
(epstopdf)             \includegraphics on input line 318.
Package epstopdf Info: Output file is already uptodate.
 <images/lin-reg-eps-converted-to.pdf, id=381, 205.76875pt x 167.62625pt>
File: images/lin-reg-eps-converted-to.pdf Graphic file (type pdf)

<use images/lin-reg-eps-converted-to.pdf>
Package pdftex.def Info: images/lin-reg-eps-converted-to.pdf used on input line
 318.
(pdftex.def)             Requested size: 193.47578pt x 157.61215pt.
Package babel Info: Redefining ngerman shorthand "|
(babel)             in language  on input line 327.
Package babel Info: Redefining ngerman shorthand "~
(babel)             in language  on input line 327.
Package babel Info: Redefining ngerman shorthand "|
(babel)             in language  on input line 327.
Package babel Info: Redefining ngerman shorthand "~
(babel)             in language  on input line 327.
 [9]
Package babel Info: Redefining ngerman shorthand "|
(babel)             in language  on input line 327.
Package babel Info: Redefining ngerman shorthand "~
(babel)             in language  on input line 327.
Package babel Info: Redefining ngerman shorthand "|
(babel)             in language  on input line 342.
Package babel Info: Redefining ngerman shorthand "~
(babel)             in language  on input line 342.
Package babel Info: Redefining ngerman shorthand "|
(babel)             in language  on input line 352.
Package babel Info: Redefining ngerman shorthand "~
(babel)             in language  on input line 352.
Package babel Info: Redefining ngerman shorthand "|
(babel)             in language  on input line 352.
Package babel Info: Redefining ngerman shorthand "~
(babel)             in language  on input line 352.
 [10 <./images/lin-reg-eps-converted-to.pdf>]
Package babel Info: Redefining ngerman shorthand "|
(babel)             in language  on input line 364.
Package babel Info: Redefining ngerman shorthand "~
(babel)             in language  on input line 364.
Package babel Info: Redefining ngerman shorthand "|
(babel)             in language  on input line 420.
Package babel Info: Redefining ngerman shorthand "~
(babel)             in language  on input line 420.
Package babel Info: Redefining ngerman shorthand "|
(babel)             in language  on input line 420.
Package babel Info: Redefining ngerman shorthand "~
(babel)             in language  on input line 420.
 [11]
Package babel Info: Redefining ngerman shorthand "|
(babel)             in language  on input line 439.
Package babel Info: Redefining ngerman shorthand "~
(babel)             in language  on input line 439.
Package babel Info: Redefining ngerman shorthand "|
(babel)             in language  on input line 449.
Package babel Info: Redefining ngerman shorthand "~
(babel)             in language  on input line 449.
Package babel Info: Redefining ngerman shorthand "|
(babel)             in language  on input line 465.
Package babel Info: Redefining ngerman shorthand "~
(babel)             in language  on input line 465.
Package babel Info: Redefining ngerman shorthand "|
(babel)             in language  on input line 465.
Package babel Info: Redefining ngerman shorthand "~
(babel)             in language  on input line 465.
 [12]
Package babel Info: Redefining ngerman shorthand "|
(babel)             in language  on input line 470.
Package babel Info: Redefining ngerman shorthand "~
(babel)             in language  on input line 470.
Package epstopdf Info: Source file: <images/venn.eps>
(epstopdf)                    date: 2016-04-19 12:29:32
(epstopdf)                    size: 11826 bytes
(epstopdf)             Output file: <images/venn-eps-converted-to.pdf>
(epstopdf)                    date: 2016-04-19 12:30:03
(epstopdf)                    size: 6693 bytes
(epstopdf)             Command: <repstopdf --outfile=images/venn-eps-converted-
to.pdf images/venn.eps>
(epstopdf)             \includegraphics on input line 488.
Package epstopdf Info: Output file is already uptodate.

<images/venn-eps-converted-to.pdf, id=442, 132.495pt x 122.4575pt>
File: images/venn-eps-converted-to.pdf Graphic file (type pdf)

<use images/venn-eps-converted-to.pdf>
Package pdftex.def Info: images/venn-eps-converted-to.pdf used on input line 48
8.
(pdftex.def)             Requested size: 145.11053pt x 134.12627pt.
Package babel Info: Redefining ngerman shorthand "|
(babel)             in language  on input line 500.
Package babel Info: Redefining ngerman shorthand "~
(babel)             in language  on input line 500.
Package babel Info: Redefining ngerman shorthand "|
(babel)             in language  on input line 504.
Package babel Info: Redefining ngerman shorthand "~
(babel)             in language  on input line 504.
Package babel Info: Redefining ngerman shorthand "|
(babel)             in language  on input line 504.
Package babel Info: Redefining ngerman shorthand "~
(babel)             in language  on input line 504.
 [13 <./images/venn-eps-converted-to.pdf>]
Package babel Info: Redefining ngerman shorthand "|
(babel)             in language  on input line 554.
Package babel Info: Redefining ngerman shorthand "~
(babel)             in language  on input line 554.
Package babel Info: Redefining ngerman shorthand "|
(babel)             in language  on input line 559.
Package babel Info: Redefining ngerman shorthand "~
(babel)             in language  on input line 559.
Package babel Info: Redefining ngerman shorthand "|
(babel)             in language  on input line 559.
Package babel Info: Redefining ngerman shorthand "~
(babel)             in language  on input line 559.
 [14]
Package babel Info: Redefining ngerman shorthand "|
(babel)             in language  on input line 607.
Package babel Info: Redefining ngerman shorthand "~
(babel)             in language  on input line 607.
Package babel Info: Redefining ngerman shorthand "|
(babel)             in language  on input line 607.
Package babel Info: Redefining ngerman shorthand "~
(babel)             in language  on input line 607.
 [15]
Overfull \hbox (6.79999pt too wide) in paragraph at lines 629--630
[] 
 []

Package babel Info: Redefining ngerman shorthand "|
(babel)             in language  on input line 635.
Package babel Info: Redefining ngerman shorthand "~
(babel)             in language  on input line 635.
Package babel Info: Redefining ngerman shorthand "|
(babel)             in language  on input line 646.
Package babel Info: Redefining ngerman shorthand "~
(babel)             in language  on input line 646.
Package babel Info: Redefining ngerman shorthand "|
(babel)             in language  on input line 646.
Package babel Info: Redefining ngerman shorthand "~
(babel)             in language  on input line 646.
[16]
Package babel Info: Redefining ngerman shorthand "|
(babel)             in language  on input line 651.
Package babel Info: Redefining ngerman shorthand "~
(babel)             in language  on input line 651.
Package babel Info: Redefining ngerman shorthand "|
(babel)             in language  on input line 661.
Package babel Info: Redefining ngerman shorthand "~
(babel)             in language  on input line 661.
 <images/pfad-symbole/manifest.png, id=482, 40.15pt x 40.15pt>
File: images/pfad-symbole/manifest.png Graphic file (type png)

<use images/pfad-symbole/manifest.png>
Package pdftex.def Info: images/pfad-symbole/manifest.png used on input line 66
8.
(pdftex.def)             Requested size: 43.5336pt x 43.53471pt.

<images/pfad-symbole/latent.png, id=484, 40.15pt x 40.15pt>
File: images/pfad-symbole/latent.png Graphic file (type png)

<use images/pfad-symbole/latent.png>
Package pdftex.def Info: images/pfad-symbole/latent.png used on input line 673.

(pdftex.def)             Requested size: 43.5336pt x 43.53471pt.

<images/pfad-symbole/konstant.png, id=485, 40.953pt x 40.953pt>
File: images/pfad-symbole/konstant.png Graphic file (type png)

<use images/pfad-symbole/konstant.png>
Package pdftex.def Info: images/pfad-symbole/konstant.png used on input line 67
8.
(pdftex.def)             Requested size: 43.5336pt x 43.53743pt.

<images/pfad-symbole/gerichtet.png, id=486, 120.45pt x 40.15pt>
File: images/pfad-symbole/gerichtet.png Graphic file (type png)

<use images/pfad-symbole/gerichtet.png>
Package pdftex.def Info: images/pfad-symbole/gerichtet.png used on input line 6
90.
(pdftex.def)             Requested size: 108.8329pt x 36.27861pt.

<images/pfad-symbole/ungerichtet.png, id=487, 120.45pt x 40.15pt>
File: images/pfad-symbole/ungerichtet.png Graphic file (type png)

<use images/pfad-symbole/ungerichtet.png>
Package pdftex.def Info: images/pfad-symbole/ungerichtet.png used on input line
 695.
(pdftex.def)             Requested size: 108.8329pt x 36.27861pt.

<images/pfad-symbole/reziprok.png, id=488, 120.45pt x 40.15pt>
File: images/pfad-symbole/reziprok.png Graphic file (type png)

<use images/pfad-symbole/reziprok.png>
Package pdftex.def Info: images/pfad-symbole/reziprok.png used on input line 70
0.
(pdftex.def)             Requested size: 108.8329pt x 36.27861pt.
Package babel Info: Redefining ngerman shorthand "|
(babel)             in language  on input line 715.
Package babel Info: Redefining ngerman shorthand "~
(babel)             in language  on input line 715.
Package babel Info: Redefining ngerman shorthand "|
(babel)             in language  on input line 715.
Package babel Info: Redefining ngerman shorthand "~
(babel)             in language  on input line 715.
 [17 <./images/pfad-symbole/manifest.png> <./images/pfad-symbole/latent.png> <.
/images/pfad-symbole/konstant.png> <./images/pfad-symbole/gerichtet.png> <./ima
ges/pfad-symbole/ungerichtet.png> <./images/pfad-symbole/reziprok.png>]
Package epstopdf Info: Source file: <images/variablenarten.eps>
(epstopdf)                    date: 2016-04-19 12:02:33
(epstopdf)                    size: 16928 bytes
(epstopdf)             Output file: <images/variablenarten-eps-converted-to.pdf
>
(epstopdf)                    date: 2016-04-19 12:02:49
(epstopdf)                    size: 8205 bytes
(epstopdf)             Command: <repstopdf --outfile=images/variablenarten-eps-
converted-to.pdf images/variablenarten.eps>
(epstopdf)             \includegraphics on input line 727.
Package epstopdf Info: Output file is already uptodate.

<images/variablenarten-eps-converted-to.pdf, id=508, 321.2pt x 182.6825pt>
File: images/variablenarten-eps-converted-to.pdf Graphic file (type pdf)

<use images/variablenarten-eps-converted-to.pdf>
Package pdftex.def Info: images/variablenarten-eps-converted-to.pdf used on inp
ut line 727.
(pdftex.def)             Requested size: 241.84843pt x 137.55508pt.

<images/pfad-effekte/direkt.png, id=510, 377.41pt x 120.45pt>
File: images/pfad-effekte/direkt.png Graphic file (type png)

<use images/pfad-effekte/direkt.png>
Package pdftex.def Info: images/pfad-effekte/direkt.png used on input line 749.

(pdftex.def)             Requested size: 197.34798pt x 62.98355pt.

<images/pfad-effekte/indirekt.png, id=511, 377.41pt x 120.45pt>
File: images/pfad-effekte/indirekt.png Graphic file (type png)

<use images/pfad-effekte/indirekt.png>
Package pdftex.def Info: images/pfad-effekte/indirekt.png used on input line 75
4.
(pdftex.def)             Requested size: 197.34798pt x 62.98355pt.

<images/pfad-effekte/total.png, id=512, 377.41pt x 120.45pt>
File: images/pfad-effekte/total.png Graphic file (type png)

<use images/pfad-effekte/total.png>
Package pdftex.def Info: images/pfad-effekte/total.png used on input line 760.
(pdftex.def)             Requested size: 197.34798pt x 62.98355pt.

<images/pfad-effekte/zero-order.png, id=513, 377.41pt x 120.45pt>
File: images/pfad-effekte/zero-order.png Graphic file (type png)

<use images/pfad-effekte/zero-order.png>
Package pdftex.def Info: images/pfad-effekte/zero-order.png used on input line 
765.
(pdftex.def)             Requested size: 197.34798pt x 62.98355pt.


LaTeX Warning: `h' float specifier changed to `ht'.

Package babel Info: Redefining ngerman shorthand "|
(babel)             in language  on input line 784.
Package babel Info: Redefining ngerman shorthand "~
(babel)             in language  on input line 784.
Package babel Info: Redefining ngerman shorthand "|
(babel)             in language  on input line 784.
Package babel Info: Redefining ngerman shorthand "~
(babel)             in language  on input line 784.
[18 <./images/variablenarten-eps-converted-to.pdf>]
<images/pfad-hierarchisch.png, id=529, 377.41pt x 176.66pt>
File: images/pfad-hierarchisch.png Graphic file (type png)

<use images/pfad-hierarchisch.png>
Package pdftex.def Info: images/pfad-hierarchisch.png used on input line 787.
(pdftex.def)             Requested size: 377.40907pt x 176.65956pt.
Package babel Info: Redefining ngerman shorthand "|
(babel)             in language  on input line 792.
Package babel Info: Redefining ngerman shorthand "~
(babel)             in language  on input line 792.
Package babel Info: Redefining ngerman shorthand "|
(babel)             in language  on input line 812.
Package babel Info: Redefining ngerman shorthand "~
(babel)             in language  on input line 812.
Package babel Info: Redefining ngerman shorthand "|
(babel)             in language  on input line 812.
Package babel Info: Redefining ngerman shorthand "~
(babel)             in language  on input line 812.
 [19 <./images/pfad-effekte/direkt.png> <./images/pfad-effekte/indirekt.png> <.
/images/pfad-effekte/total.png> <./images/pfad-effekte/zero-order.png> <./image
s/pfad-hierarchisch.png>]
Package babel Info: Redefining ngerman shorthand "|
(babel)             in language  on input line 819.
Package babel Info: Redefining ngerman shorthand "~
(babel)             in language  on input line 819.

Overfull \hbox (6.79999pt too wide) in paragraph at lines 836--837
[] 
 []

Package babel Info: Redefining ngerman shorthand "|
(babel)             in language  on input line 842.
Package babel Info: Redefining ngerman shorthand "~
(babel)             in language  on input line 842.
Package babel Info: Redefining ngerman shorthand "|
(babel)             in language  on input line 848.
Package babel Info: Redefining ngerman shorthand "~
(babel)             in language  on input line 848.
Package babel Info: Redefining ngerman shorthand "|
(babel)             in language  on input line 861.
Package babel Info: Redefining ngerman shorthand "~
(babel)             in language  on input line 861.
Package babel Info: Redefining ngerman shorthand "|
(babel)             in language  on input line 861.
Package babel Info: Redefining ngerman shorthand "~
(babel)             in language  on input line 861.
[20]
Package babel Info: Redefining ngerman shorthand "|
(babel)             in language  on input line 914.
Package babel Info: Redefining ngerman shorthand "~
(babel)             in language  on input line 914.
Package babel Info: Redefining ngerman shorthand "|
(babel)             in language  on input line 914.
Package babel Info: Redefining ngerman shorthand "~
(babel)             in language  on input line 914.
 [21]
Package babel Info: Redefining ngerman shorthand "|
(babel)             in language  on input line 975.
Package babel Info: Redefining ngerman shorthand "~
(babel)             in language  on input line 975.
Package babel Info: Redefining ngerman shorthand "|
(babel)             in language  on input line 975.
Package babel Info: Redefining ngerman shorthand "~
(babel)             in language  on input line 975.
 [22]
Package babel Info: Redefining ngerman shorthand "|
(babel)             in language  on input line 1032.
Package babel Info: Redefining ngerman shorthand "~
(babel)             in language  on input line 1032.
Package babel Info: Redefining ngerman shorthand "|
(babel)             in language  on input line 1032.
Package babel Info: Redefining ngerman shorthand "~
(babel)             in language  on input line 1032.
 [23]
Package babel Info: Redefining ngerman shorthand "|
(babel)             in language  on input line 1077.
Package babel Info: Redefining ngerman shorthand "~
(babel)             in language  on input line 1077.
Package babel Info: Redefining ngerman shorthand "|
(babel)             in language  on input line 1077.
Package babel Info: Redefining ngerman shorthand "~
(babel)             in language  on input line 1077.
 [24]
Overfull \hbox (39.3822pt too wide) in paragraph at lines 1081--1082
[]\OT1/cmr/m/n/10 Eine Ge-wich-tung kommt in Fra-ge, wenn die Grup-pen un-ter-s
chied-lich gro^^Y sind bzw. ge-nau-er, wenn die Gr[]o^^Yenunterschiede
 []

Package babel Info: Redefining ngerman shorthand "|
(babel)             in language  on input line 1085.
Package babel Info: Redefining ngerman shorthand "~
(babel)             in language  on input line 1085.

Overfull \hbox (6.79999pt too wide) in paragraph at lines 1118--1119
[] 
 []

Package babel Info: Redefining ngerman shorthand "|
(babel)             in language  on input line 1124.
Package babel Info: Redefining ngerman shorthand "~
(babel)             in language  on input line 1124.
Package babel Info: Redefining ngerman shorthand "|
(babel)             in language  on input line 1124.
Package babel Info: Redefining ngerman shorthand "~
(babel)             in language  on input line 1124.
[25]
Package babel Info: Redefining ngerman shorthand "|
(babel)             in language  on input line 1124.
Package babel Info: Redefining ngerman shorthand "~
(babel)             in language  on input line 1124.
Package babel Info: Redefining ngerman shorthand "|
(babel)             in language  on input line 1126.
Package babel Info: Redefining ngerman shorthand "~
(babel)             in language  on input line 1126.
Package babel Info: Redefining ngerman shorthand "|
(babel)             in language  on input line 1166.
Package babel Info: Redefining ngerman shorthand "~
(babel)             in language  on input line 1166.
Package babel Info: Redefining ngerman shorthand "|
(babel)             in language  on input line 1169.
Package babel Info: Redefining ngerman shorthand "~
(babel)             in language  on input line 1169.
Package babel Info: Redefining ngerman shorthand "|
(babel)             in language  on input line 1169.
Package babel Info: Redefining ngerman shorthand "~
(babel)             in language  on input line 1169.
 [26]
Package babel Info: Redefining ngerman shorthand "|
(babel)             in language  on input line 1179.
Package babel Info: Redefining ngerman shorthand "~
(babel)             in language  on input line 1179.
Package babel Info: Redefining ngerman shorthand "|
(babel)             in language  on input line 1212.
Package babel Info: Redefining ngerman shorthand "~
(babel)             in language  on input line 1212.
Package babel Info: Redefining ngerman shorthand "|
(babel)             in language  on input line 1212.
Package babel Info: Redefining ngerman shorthand "~
(babel)             in language  on input line 1212.
 [27]
Package babel Info: Redefining ngerman shorthand "|
(babel)             in language  on input line 1213.
Package babel Info: Redefining ngerman shorthand "~
(babel)             in language  on input line 1213.

Overfull \hbox (5.34497pt too wide) in paragraph at lines 1235--1236
[]\OT1/cmr/m/n/10 In die-sem Fall ge-ben die Odds ein Verh[]altnis an, zwi-sche
n der gesch[]atzten Wahr-schein-lich-keit \OT1/cmr/m/it/10 f[]ur ei-ne \OT1/cmr
/m/n/10 Bef[]orderung
 []

Package babel Info: Redefining ngerman shorthand "|
(babel)             in language  on input line 1260.
Package babel Info: Redefining ngerman shorthand "~
(babel)             in language  on input line 1260.
Package babel Info: Redefining ngerman shorthand "|
(babel)             in language  on input line 1260.
Package babel Info: Redefining ngerman shorthand "~
(babel)             in language  on input line 1260.
[28]
Package babel Info: Redefining ngerman shorthand "|
(babel)             in language  on input line 1282.
Package babel Info: Redefining ngerman shorthand "~
(babel)             in language  on input line 1282.
Package babel Info: Redefining ngerman shorthand "|
(babel)             in language  on input line 1299.
Package babel Info: Redefining ngerman shorthand "~
(babel)             in language  on input line 1299.
Package babel Info: Redefining ngerman shorthand "|
(babel)             in language  on input line 1299.
Package babel Info: Redefining ngerman shorthand "~
(babel)             in language  on input line 1299.
 [29]
Package babel Info: Redefining ngerman shorthand "|
(babel)             in language  on input line 1310.
Package babel Info: Redefining ngerman shorthand "~
(babel)             in language  on input line 1310.
Package babel Info: Redefining ngerman shorthand "|
(babel)             in language  on input line 1333.
Package babel Info: Redefining ngerman shorthand "~
(babel)             in language  on input line 1333.
Package babel Info: Redefining ngerman shorthand "|
(babel)             in language  on input line 1333.
Package babel Info: Redefining ngerman shorthand "~
(babel)             in language  on input line 1333.
 [30]
Package babel Info: Redefining ngerman shorthand "|
(babel)             in language  on input line 1338.
Package babel Info: Redefining ngerman shorthand "~
(babel)             in language  on input line 1338.
Package babel Info: Redefining ngerman shorthand "|
(babel)             in language  on input line 1350.
Package babel Info: Redefining ngerman shorthand "~
(babel)             in language  on input line 1350.
Package babel Info: Redefining ngerman shorthand "|
(babel)             in language  on input line 1369.
Package babel Info: Redefining ngerman shorthand "~
(babel)             in language  on input line 1369.
Package babel Info: Redefining ngerman shorthand "|
(babel)             in language  on input line 1375.
Package babel Info: Redefining ngerman shorthand "~
(babel)             in language  on input line 1375.
Package babel Info: Redefining ngerman shorthand "|
(babel)             in language  on input line 1375.
Package babel Info: Redefining ngerman shorthand "~
(babel)             in language  on input line 1375.
 [31]
Package babel Info: Redefining ngerman shorthand "|
(babel)             in language  on input line 1383.
Package babel Info: Redefining ngerman shorthand "~
(babel)             in language  on input line 1383.
Package babel Info: Redefining ngerman shorthand "|
(babel)             in language  on input line 1391.
Package babel Info: Redefining ngerman shorthand "~
(babel)             in language  on input line 1391.
Package babel Info: Redefining ngerman shorthand "|
(babel)             in language  on input line 1393.
Package babel Info: Redefining ngerman shorthand "~
(babel)             in language  on input line 1393.
Package babel Info: Redefining ngerman shorthand "|
(babel)             in language  on input line 1401.
Package babel Info: Redefining ngerman shorthand "~
(babel)             in language  on input line 1401.
Package babel Info: Redefining ngerman shorthand "|
(babel)             in language  on input line 1421.
Package babel Info: Redefining ngerman shorthand "~
(babel)             in language  on input line 1421.
Package babel Info: Redefining ngerman shorthand "|
(babel)             in language  on input line 1421.
Package babel Info: Redefining ngerman shorthand "~
(babel)             in language  on input line 1421.
 [32]
Package babel Info: Redefining ngerman shorthand "|
(babel)             in language  on input line 1425.
Package babel Info: Redefining ngerman shorthand "~
(babel)             in language  on input line 1425.
Package babel Info: Redefining ngerman shorthand "|
(babel)             in language  on input line 1440.
Package babel Info: Redefining ngerman shorthand "~
(babel)             in language  on input line 1440.

Overfull \hbox (6.79999pt too wide) in paragraph at lines 1459--1460
[] 
 []

Package babel Info: Redefining ngerman shorthand "|
(babel)             in language  on input line 1465.
Package babel Info: Redefining ngerman shorthand "~
(babel)             in language  on input line 1465.
Package babel Info: Redefining ngerman shorthand "|
(babel)             in language  on input line 1465.
Package babel Info: Redefining ngerman shorthand "~
(babel)             in language  on input line 1465.
[33]
Package babel Info: Redefining ngerman shorthand "|
(babel)             in language  on input line 1465.
Package babel Info: Redefining ngerman shorthand "~
(babel)             in language  on input line 1465.
Package babel Info: Redefining ngerman shorthand "|
(babel)             in language  on input line 1468.
Package babel Info: Redefining ngerman shorthand "~
(babel)             in language  on input line 1468.
Package babel Info: Redefining ngerman shorthand "|
(babel)             in language  on input line 1508.
Package babel Info: Redefining ngerman shorthand "~
(babel)             in language  on input line 1508.
Package babel Info: Redefining ngerman shorthand "|
(babel)             in language  on input line 1508.
Package babel Info: Redefining ngerman shorthand "~
(babel)             in language  on input line 1508.
 [34]
Package babel Info: Redefining ngerman shorthand "|
(babel)             in language  on input line 1573.
Package babel Info: Redefining ngerman shorthand "~
(babel)             in language  on input line 1573.
Package babel Info: Redefining ngerman shorthand "|
(babel)             in language  on input line 1573.
Package babel Info: Redefining ngerman shorthand "~
(babel)             in language  on input line 1573.
 [35]
Package babel Info: Redefining ngerman shorthand "|
(babel)             in language  on input line 1582.
Package babel Info: Redefining ngerman shorthand "~
(babel)             in language  on input line 1582.
 <images/sem.png, id=722, 445.665pt x 196.735pt>
File: images/sem.png Graphic file (type png)

<use images/sem.png>
Package pdftex.def Info: images/sem.png used on input line 1604.
(pdftex.def)             Requested size: 445.66391pt x 196.7345pt.
Package babel Info: Redefining ngerman shorthand "|
(babel)             in language  on input line 1632.
Package babel Info: Redefining ngerman shorthand "~
(babel)             in language  on input line 1632.
Package babel Info: Redefining ngerman shorthand "|
(babel)             in language  on input line 1632.
Package babel Info: Redefining ngerman shorthand "~
(babel)             in language  on input line 1632.
 [36]
Package babel Info: Redefining ngerman shorthand "|
(babel)             in language  on input line 1662.
Package babel Info: Redefining ngerman shorthand "~
(babel)             in language  on input line 1662.
Package babel Info: Redefining ngerman shorthand "|
(babel)             in language  on input line 1662.
Package babel Info: Redefining ngerman shorthand "~
(babel)             in language  on input line 1662.
 [37 <./images/sem.png>]
Package babel Info: Redefining ngerman shorthand "|
(babel)             in language  on input line 1714.
Package babel Info: Redefining ngerman shorthand "~
(babel)             in language  on input line 1714.
Package babel Info: Redefining ngerman shorthand "|
(babel)             in language  on input line 1714.
Package babel Info: Redefining ngerman shorthand "~
(babel)             in language  on input line 1714.
 [38]
Package babel Info: Redefining ngerman shorthand "|
(babel)             in language  on input line 1744.
Package babel Info: Redefining ngerman shorthand "~
(babel)             in language  on input line 1744.
Package babel Info: Redefining ngerman shorthand "|
(babel)             in language  on input line 1779.
Package babel Info: Redefining ngerman shorthand "~
(babel)             in language  on input line 1779.
Package babel Info: Redefining ngerman shorthand "|
(babel)             in language  on input line 1779.
Package babel Info: Redefining ngerman shorthand "~
(babel)             in language  on input line 1779.
 [39]
Package babel Info: Redefining ngerman shorthand "|
(babel)             in language  on input line 1853.
Package babel Info: Redefining ngerman shorthand "~
(babel)             in language  on input line 1853.
Package babel Info: Redefining ngerman shorthand "|
(babel)             in language  on input line 1853.
Package babel Info: Redefining ngerman shorthand "~
(babel)             in language  on input line 1853.
 [40]
Package babel Info: Redefining ngerman shorthand "|
(babel)             in language  on input line 1920.
Package babel Info: Redefining ngerman shorthand "~
(babel)             in language  on input line 1920.
Package babel Info: Redefining ngerman shorthand "|
(babel)             in language  on input line 1920.
Package babel Info: Redefining ngerman shorthand "~
(babel)             in language  on input line 1920.
 [41]
Package babel Info: Redefining ngerman shorthand "|
(babel)             in language  on input line 1922.
Package babel Info: Redefining ngerman shorthand "~
(babel)             in language  on input line 1922.
Package babel Info: Redefining ngerman shorthand "|
(babel)             in language  on input line 1963.
Package babel Info: Redefining ngerman shorthand "~
(babel)             in language  on input line 1963.

Overfull \hbox (2.59422pt too wide) in paragraph at lines 1968--1969
[]\OT1/cmr/bx/n/10 MPlus\OT1/cmr/m/n/10 : We-ni-ge Be-feh-le rei-chen aus um ko
m-ple-xe Mo-del-le zu be-rech-nen, trifft vie-le Default-Entscheidungen 
 []

<images/onyx/onyx_kog.png, id=786, 1618.045pt x 1045.9075pt>
File: images/onyx/onyx_kog.png Graphic file (type png)

<use images/onyx/onyx_kog.png>
Package pdftex.def Info: images/onyx/onyx_kog.png used on input line 1980.
(pdftex.def)             Requested size: 197.34798pt x 127.56223pt.

<images/onyx/onyx_cit.png, id=787, 1864.9675pt x 1197.47375pt>
File: images/onyx/onyx_cit.png Graphic file (type png)

<use images/onyx/onyx_cit.png>
Package pdftex.def Info: images/onyx/onyx_cit.png used on input line 1986.
(pdftex.def)             Requested size: 197.34798pt x 126.69772pt.
Package babel Info: Redefining ngerman shorthand "|
(babel)             in language  on input line 1991.
Package babel Info: Redefining ngerman shorthand "~
(babel)             in language  on input line 1991.
Package babel Info: Redefining ngerman shorthand "|
(babel)             in language  on input line 1991.
Package babel Info: Redefining ngerman shorthand "~
(babel)             in language  on input line 1991.
 [42]
Overfull \hbox (6.79999pt too wide) in paragraph at lines 2001--2002
[] 
 []

Package babel Info: Redefining ngerman shorthand "|
(babel)             in language  on input line 2003.
Package babel Info: Redefining ngerman shorthand "~
(babel)             in language  on input line 2003.
Package babel Info: Redefining ngerman shorthand "|
(babel)             in language  on input line 2005.
Package babel Info: Redefining ngerman shorthand "~
(babel)             in language  on input line 2005.
Package babel Info: Redefining ngerman shorthand "|
(babel)             in language  on input line 2009.
Package babel Info: Redefining ngerman shorthand "~
(babel)             in language  on input line 2009.
Package babel Info: Redefining ngerman shorthand "|
(babel)             in language  on input line 2019.
Package babel Info: Redefining ngerman shorthand "~
(babel)             in language  on input line 2019.
Package babel Info: Redefining ngerman shorthand "|
(babel)             in language  on input line 2019.
Package babel Info: Redefining ngerman shorthand "~
(babel)             in language  on input line 2019.
[43 <./images/onyx/onyx_kog.png> <./images/onyx/onyx_cit.png>]
<images/sem/skala-x.png, id=809, 104.39pt x 151.767pt>
File: images/sem/skala-x.png Graphic file (type png)

<use images/sem/skala-x.png>
Package pdftex.def Info: images/sem/skala-x.png used on input line 2066.
(pdftex.def)             Requested size: 92.87285pt x 135.0305pt.

<images/sem/skala-latent.png, id=810, 104.39pt x 151.767pt>
File: images/sem/skala-latent.png Graphic file (type png)

<use images/sem/skala-latent.png>
Package pdftex.def Info: images/sem/skala-latent.png used on input line 2072.
(pdftex.def)             Requested size: 92.87285pt x 135.0305pt.

<images/sem/skala-varianz.png, id=811, 104.39pt x 151.767pt>
File: images/sem/skala-varianz.png Graphic file (type png)

<use images/sem/skala-varianz.png>
Package pdftex.def Info: images/sem/skala-varianz.png used on input line 2078.
(pdftex.def)             Requested size: 92.87285pt x 135.0305pt.
Package babel Info: Redefining ngerman shorthand "|
(babel)             in language  on input line 2104.
Package babel Info: Redefining ngerman shorthand "~
(babel)             in language  on input line 2104.
Package babel Info: Redefining ngerman shorthand "|
(babel)             in language  on input line 2104.
Package babel Info: Redefining ngerman shorthand "~
(babel)             in language  on input line 2104.
 [44]
Package babel Info: Redefining ngerman shorthand "|
(babel)             in language  on input line 2110.
Package babel Info: Redefining ngerman shorthand "~
(babel)             in language  on input line 2110.
Package babel Info: Redefining ngerman shorthand "|
(babel)             in language  on input line 2110.
Package babel Info: Redefining ngerman shorthand "~
(babel)             in language  on input line 2110.
 [45 <./images/sem/skala-x.png> <./images/sem/skala-latent.png> <./images/sem/s
kala-varianz.png>]
Package babel Info: Redefining ngerman shorthand "|
(babel)             in language  on input line 2119.
Package babel Info: Redefining ngerman shorthand "~
(babel)             in language  on input line 2119.
Package babel Info: Redefining ngerman shorthand "|
(babel)             in language  on input line 2158.
Package babel Info: Redefining ngerman shorthand "~
(babel)             in language  on input line 2158.
Package babel Info: Redefining ngerman shorthand "|
(babel)             in language  on input line 2158.
Package babel Info: Redefining ngerman shorthand "~
(babel)             in language  on input line 2158.
 [46]
Package babel Info: Redefining ngerman shorthand "|
(babel)             in language  on input line 2202.
Package babel Info: Redefining ngerman shorthand "~
(babel)             in language  on input line 2202.
Package babel Info: Redefining ngerman shorthand "|
(babel)             in language  on input line 2202.
Package babel Info: Redefining ngerman shorthand "~
(babel)             in language  on input line 2202.
 [47]
Package babel Info: Redefining ngerman shorthand "|
(babel)             in language  on input line 2248.
Package babel Info: Redefining ngerman shorthand "~
(babel)             in language  on input line 2248.
Package babel Info: Redefining ngerman shorthand "|
(babel)             in language  on input line 2251.
Package babel Info: Redefining ngerman shorthand "~
(babel)             in language  on input line 2251.
Package babel Info: Redefining ngerman shorthand "|
(babel)             in language  on input line 2251.
Package babel Info: Redefining ngerman shorthand "~
(babel)             in language  on input line 2251.
 [48]
Package babel Info: Redefining ngerman shorthand "|
(babel)             in language  on input line 2289.
Package babel Info: Redefining ngerman shorthand "~
(babel)             in language  on input line 2289.
Package babel Info: Redefining ngerman shorthand "|
(babel)             in language  on input line 2289.
Package babel Info: Redefining ngerman shorthand "~
(babel)             in language  on input line 2289.

[49]
Package babel Info: Redefining ngerman shorthand "|
(babel)             in language  on input line 2324.
Package babel Info: Redefining ngerman shorthand "~
(babel)             in language  on input line 2324.
Package babel Info: Redefining ngerman shorthand "|
(babel)             in language  on input line 2324.
Package babel Info: Redefining ngerman shorthand "~
(babel)             in language  on input line 2324.
 [50]
Package babel Info: Redefining ngerman shorthand "|
(babel)             in language  on input line 2370.
Package babel Info: Redefining ngerman shorthand "~
(babel)             in language  on input line 2370.
Package babel Info: Redefining ngerman shorthand "|
(babel)             in language  on input line 2370.
Package babel Info: Redefining ngerman shorthand "~
(babel)             in language  on input line 2370.
 [51]
Package babel Info: Redefining ngerman shorthand "|
(babel)             in language  on input line 2384.
Package babel Info: Redefining ngerman shorthand "~
(babel)             in language  on input line 2384.

Underfull \hbox (badness 1472) in paragraph at lines 2403--2403
\OT1/cmr/m/n/10 Mo-dellsch[]atzung, Di-stanz-de-fi-ni-tio-nen, Un-weigh-ted Lea
st Squa-re (ULS) (Vor-tei-le/Nachteile), Maximum-
 []


Overfull \hbox (6.79999pt too wide) in paragraph at lines 2403--2404
[] 
 []

Package babel Info: Redefining ngerman shorthand "|
(babel)             in language  on input line 2409.
Package babel Info: Redefining ngerman shorthand "~
(babel)             in language  on input line 2409.
Package babel Info: Redefining ngerman shorthand "|
(babel)             in language  on input line 2411.
Package babel Info: Redefining ngerman shorthand "~
(babel)             in language  on input line 2411.
Package babel Info: Redefining ngerman shorthand "|
(babel)             in language  on input line 2416.
Package babel Info: Redefining ngerman shorthand "~
(babel)             in language  on input line 2416.
Package babel Info: Redefining ngerman shorthand "|
(babel)             in language  on input line 2416.
Package babel Info: Redefining ngerman shorthand "~
(babel)             in language  on input line 2416.
[52]
Package babel Info: Redefining ngerman shorthand "|
(babel)             in language  on input line 2421.
Package babel Info: Redefining ngerman shorthand "~
(babel)             in language  on input line 2421.
Package babel Info: Redefining ngerman shorthand "|
(babel)             in language  on input line 2441.
Package babel Info: Redefining ngerman shorthand "~
(babel)             in language  on input line 2441.
Package babel Info: Redefining ngerman shorthand "|
(babel)             in language  on input line 2456.
Package babel Info: Redefining ngerman shorthand "~
(babel)             in language  on input line 2456.
Package babel Info: Redefining ngerman shorthand "|
(babel)             in language  on input line 2456.
Package babel Info: Redefining ngerman shorthand "~
(babel)             in language  on input line 2456.
 [53]
Package babel Info: Redefining ngerman shorthand "|
(babel)             in language  on input line 2469.
Package babel Info: Redefining ngerman shorthand "~
(babel)             in language  on input line 2469.
Package babel Info: Redefining ngerman shorthand "|
(babel)             in language  on input line 2507.
Package babel Info: Redefining ngerman shorthand "~
(babel)             in language  on input line 2507.
Package babel Info: Redefining ngerman shorthand "|
(babel)             in language  on input line 2507.
Package babel Info: Redefining ngerman shorthand "~
(babel)             in language  on input line 2507.
 [54]
Package babel Info: Redefining ngerman shorthand "|
(babel)             in language  on input line 2527.
Package babel Info: Redefining ngerman shorthand "~
(babel)             in language  on input line 2527.

<images/kausal/ohne-randomisierung.png, id=897, 377.41pt x 152.57pt>
File: images/kausal/ohne-randomisierung.png Graphic file (type png)

<use images/kausal/ohne-randomisierung.png>
Package pdftex.def Info: images/kausal/ohne-randomisierung.png used on input li
ne 2547.
(pdftex.def)             Requested size: 215.9705pt x 87.3057pt.

<images/kausal/mit-randomisierung.png, id=898, 377.41pt x 152.57pt>
File: images/kausal/mit-randomisierung.png Graphic file (type png)

<use images/kausal/mit-randomisierung.png>
Package pdftex.def Info: images/kausal/mit-randomisierung.png used on input lin
e 2553.
(pdftex.def)             Requested size: 215.9705pt x 87.3057pt.
Package babel Info: Redefining ngerman shorthand "|
(babel)             in language  on input line 2564.
Package babel Info: Redefining ngerman shorthand "~
(babel)             in language  on input line 2564.
Package babel Info: Redefining ngerman shorthand "|
(babel)             in language  on input line 2564.
Package babel Info: Redefining ngerman shorthand "~
(babel)             in language  on input line 2564.
 [55]
Overfull \hbox (6.79999pt too wide) in paragraph at lines 2581--2582
[] 
 []

Package atveryend Info: Empty hook `BeforeClearDocument' on input line 2584.
Package babel Info: Redefining ngerman shorthand "|
(babel)             in language  on input line 2584.
Package babel Info: Redefining ngerman shorthand "~
(babel)             in language  on input line 2584.
Package babel Info: Redefining ngerman shorthand "|
(babel)             in language  on input line 2584.
Package babel Info: Redefining ngerman shorthand "~
(babel)             in language  on input line 2584.
[56 <./images/kausal/ohne-randomisierung.png> <./images/kausal/mit-randomisieru
ng.png>]
Package atveryend Info: Empty hook `AfterLastShipout' on input line 2584.
 (./zusammenfassung.aux)
Package atveryend Info: Executing hook `AtVeryEndDocument' on input line 2584.
Package atveryend Info: Executing hook `AtEndAfterFileList' on input line 2584.

Package rerunfilecheck Info: File `zusammenfassung.out' has not changed.
(rerunfilecheck)             Checksum: 003BFC7DD758569382BC278CB686B400;4904.
Package atveryend Info: Empty hook `AtVeryVeryEnd' on input line 2584.
 ) 
Here is how much of TeX's memory you used:
 9245 strings out of 494935
 136980 string characters out of 6178121
 238461 words of memory out of 5000000
 11970 multiletter control sequences out of 15000+600000
 14331 words of font info for 53 fonts, out of 8000000 for 9000
 36 hyphenation exceptions out of 8191
 42i,21n,38p,1171b,541s stack positions out of 5000i,500n,10000p,200000b,80000s
pdfTeX warning (dest): name{https://de.wikipedia.org/wiki/Varianzanalyse} has
 been referenced but does not exist, replaced by a fixed one

</usr/share/texlive/texmf-dist/fonts/type1/public/amsfonts/cm/cmbx10.pfb></usr/
share/texlive/texmf-dist/fonts/type1/public/amsfonts/cm/cmbx12.pfb></usr/share/
texlive/texmf-dist/fonts/type1/public/amsfonts/cm/cmbx7.pfb></usr/share/texlive
/texmf-dist/fonts/type1/public/amsfonts/cm/cmbxti10.pfb></usr/share/texlive/tex
mf-dist/fonts/type1/public/amsfonts/cm/cmex10.pfb></usr/share/texlive/texmf-dis
t/fonts/type1/public/amsfonts/cm/cmmi10.pfb></usr/share/texlive/texmf-dist/font
s/type1/public/amsfonts/cm/cmmi5.pfb></usr/share/texlive/texmf-dist/fonts/type1
/public/amsfonts/cm/cmmi7.pfb></usr/share/texlive/texmf-dist/fonts/type1/public
/amsfonts/cm/cmmi9.pfb></usr/share/texlive/texmf-dist/fonts/type1/public/amsfon
ts/cm/cmmib10.pfb></usr/share/texlive/texmf-dist/fonts/type1/public/amsfonts/cm
extra/cmmib7.pfb></usr/share/texlive/texmf-dist/fonts/type1/public/amsfonts/cm/
cmr10.pfb></usr/share/texlive/texmf-dist/fonts/type1/public/amsfonts/cm/cmr12.p
fb></usr/share/texlive/texmf-dist/fonts/type1/public/amsfonts/cm/cmr17.pfb></us
r/share/texlive/texmf-dist/fonts/type1/public/amsfonts/cm/cmr5.pfb></usr/share/
texlive/texmf-dist/fonts/type1/public/amsfonts/cm/cmr6.pfb></usr/share/texlive/
texmf-dist/fonts/type1/public/amsfonts/cm/cmr7.pfb></usr/share/texlive/texmf-di
st/fonts/type1/public/amsfonts/cm/cmr9.pfb></usr/share/texlive/texmf-dist/fonts
/type1/public/amsfonts/cm/cmsy10.pfb></usr/share/texlive/texmf-dist/fonts/type1
/public/amsfonts/cm/cmsy5.pfb></usr/share/texlive/texmf-dist/fonts/type1/public
/amsfonts/cm/cmsy7.pfb></usr/share/texlive/texmf-dist/fonts/type1/public/amsfon
ts/cm/cmti10.pfb></usr/share/texlive/texmf-dist/fonts/type1/public/amsfonts/sym
bols/msbm10.pfb>
Output written on zusammenfassung.pdf (56 pages, 750920 bytes).
PDF statistics:
 1060 PDF objects out of 1200 (max. 8388607)
 917 compressed objects within 10 object streams
 327 named destinations out of 1000 (max. 500000)
 599 words of extra memory for PDF output out of 10000 (max. 10000000)

